<?xml version="1.0" encoding="UTF-8"?>
<!-- Generated by org.testng.reporters.JUnitReportReporter -->
<testsuite hostname="TALLYXBLR06" failures="0" tests="2" name="Assignment.Demo.NewTest" time="47.730" errors="0" timestamp="2020-02-06T14:10:34 IST" skipped="0">
  <testcase classname="Assignment.Demo.NewTest" name="gettingIphonePriceFromAmazon" time="22.150"/>
  <testcase classname="Assignment.Demo.NewTest" name="gettingIphonePriceFromFlipCart" time="25.580"/>
</testsuite> <!-- Assignment.Demo.NewTest -->
