<?xml version="1.0" encoding="UTF-8"?>
<!-- Generated by org.testng.reporters.JUnitReportReporter -->
<testsuite hostname="TALLYXBLR06" failures="0" tests="3" name="Assignment.Demo.PriceCheck" time="23.844" errors="0" timestamp="2020-02-06T23:36:55 IST" skipped="0">
  <testcase classname="Assignment.Demo.PriceCheck" name="gettingIphonePriceFromAmazon" time="16.276"/>
  <testcase classname="Assignment.Demo.PriceCheck" name="gettingIphonePriceFromFlipkart" time="7.567"/>
  <testcase classname="Assignment.Demo.PriceCheck" name="comparingIphonePriceAndDisplyingResult" time="0.001"/>
</testsuite> <!-- Assignment.Demo.PriceCheck -->
